Stage vsw_ic-DOCK_XP_1 initializing...
[running at reduced cpu priority]

Running stage: vsw_ic-DOCK_XP_1
SCHRODINGER: E:\SC
PYTHONPATH: None
Job ID: USER-96L5A2TLTM-0-62a4a571
Time: Sat Jun 11 22:23:46 2022
Stage started successfully

Python version: 59011
Will NOT recombine or retitle input ligands
There will be 5 subjobs.
Will identify ligands based on unique field: s_vsw_compound_code
Counting numbers of structures and compounds in input ligands...

Number of input compounds: 934
Number of input structures: 934

Input number of poses for each subjob:
{1: 187, 2: 187, 3: 187, 4: 187, 5: 186}

NOTE: 5 jobs will be launched, as that's the number of input files. (The option to 'use input files directly for subjobs' was used.)

Setting up Glide jobs...
Running Glide jobs...

Running subjobs on hosts:
  Not available yet
Number of jobs:       5
Max retries per job:  2
Max allowed failures: unlimited
Run with -LOCAL:      False
Verbosity:            normal

Starting JobDJ...

Keep one job on driver host: False
JobDJ columns:
  C: Number of completed subjobs
  A: Number of active subjobs (e.g., submitted, running)
  W: Number of waiting/pending subjobs

C A W | Activity  JobId  JobName  JobHost
- - - | --------- -----------------------
Waiting for available processors to use...
0 1 4 | launched  USER-96L5A2TLTM-0-62a4a577 vsw_ic-DOCK_XP_1-001 localhost [USER-96L5A2TLTM]
1 0 4 | finished  USER-96L5A2TLTM-0-62a4a577 vsw_ic-DOCK_XP_1-001 localhost [USER-96L5A2TLTM]
1 1 3 | launched  USER-96L5A2TLTM-0-62a598c5 vsw_ic-DOCK_XP_1-002 localhost [USER-96L5A2TLTM]
2 0 3 | finished  USER-96L5A2TLTM-0-62a598c5 vsw_ic-DOCK_XP_1-002 localhost [USER-96L5A2TLTM]
2 1 2 | launched  USER-96L5A2TLTM-0-62a6c358 vsw_ic-DOCK_XP_1-003 localhost [USER-96L5A2TLTM]
3 0 2 | finished  USER-96L5A2TLTM-0-62a6c358 vsw_ic-DOCK_XP_1-003 localhost [USER-96L5A2TLTM]
3 1 1 | launched  USER-96L5A2TLTM-0-62a81c5c vsw_ic-DOCK_XP_1-004 localhost [USER-96L5A2TLTM]
4 0 1 | finished  USER-96L5A2TLTM-0-62a81c5c vsw_ic-DOCK_XP_1-004 localhost [USER-96L5A2TLTM]
4 1 0 | launched  USER-96L5A2TLTM-0-62a85c57 vsw_ic-DOCK_XP_1-005 localhost [USER-96L5A2TLTM]
5 0 0 | finished  USER-96L5A2TLTM-0-62a85c57 vsw_ic-DOCK_XP_1-005 localhost [USER-96L5A2TLTM]

All jobs have completed.

5 of 5 job(s) succeeded; 0 job(s) failed.

  Keeping 10% of compounds.
    Actually keeping 93 of 934 compounds.
  Best by compound: True
  Calculating CPU time and combining log files...
    have not calculated CPU time or generated combined logfile
Merging the Glide output files...
E:\SC\utilities\glide_merge -f files_to_merge.txt -m 93 -id_prop s_vsw_compound_code -o vsw_ic-XP_OUT_1_pv.maegz -p 1
For progress, see: C:\Users\Administrator\Documents\Schrodinger\vsw_ic\vsw_ic-DOCK_XP_1\glide_merge.log
glide_merge completed suffessfully
Reading merged structures...
   Number of compounds expected to keep: 93
   Number of compounds kept: 93
   Number of structures kept: 93
Generating csv report file...
Properties CSV file: vsw_ic-XP_OUT_1.csv

Cleaning up...
  Archiving vsw_ic-DOCK_XP_1-001.log...
  Archiving vsw_ic-DOCK_XP_1-002.log...
  Archiving vsw_ic-DOCK_XP_1-003.log...
  Archiving vsw_ic-DOCK_XP_1-004.log...
  Archiving vsw_ic-DOCK_XP_1-005.log...

STAGE COMPLETED. Elapsed time: 84 hours 2 minutes 40 seconds

    Output #1 (vsw_ic-XP_OUT_1) [structures(94)]:
      C:\Users\Administrator\Documents\Schrodinger\vsw_ic\vsw_ic-DOCK_XP_1\vsw_ic-XP_OUT_1_pv.maegz
