Stage dc01-PRE_DOCK_XP_1 initializing...
[running at reduced cpu priority]

Running stage: dc01-PRE_DOCK_XP_1
SCHRODINGER: E:\SC
PYTHONPATH: None
Job ID: USER-96L5A2TLTM-0-62a586f5
Time: Sun Jun 12 14:25:58 2022
Stage started successfully

Python version: 59011
The number of output files will be derived from -NJOBS value
GENCODES is False; ignoring UNIQUEFIELD keyword
GENCODES is False; ignoring OUTVARIANTFIELD keyword
GENCODES is False; ignoring OUTCOMPOUNDFIELD keyword
Counting number of input structures
Number of input structures: 303
Adjusting number of jobs to yield 20-200 ligands per job
Will generate 2 subjobs

Processing ligand files...

Number of input structures: 303
Number of processed structures: 303
Number of processed compounds: 303
Number of output files: 2

Number of (compounds, structures) for each output file:
1:(152, 152), 2:(151, 151)

STAGE COMPLETED. Elapsed time: 0 seconds

    Output #1 (dc01-DOCK_XP_1_INPUT) [structures(303)]:
      C:\Users\Administrator\Documents\Schrodinger\dc01\dc01-PRE_DOCK_XP_1\dc01-PRE_DOCK_XP_1-001-in.maegz
      C:\Users\Administrator\Documents\Schrodinger\dc01\dc01-PRE_DOCK_XP_1\dc01-PRE_DOCK_XP_1-002-in.maegz
