
===========================================
     Virtual Screening Workflow (VSW)
     Python version: 59011
===========================================

SCHRODINGER: E:\SC
PYTHONPATH: None
Started at: Sat Jun 11 21:46:31 2022
[running at reduced cpu priority]
Driver JobId: USER-96L5A2TLTM-0-62a49cb6
Launch directory: C:\Users\Administrator\Documents\Schrodinger\dc01
Job directory: C:\Users\Administrator\Documents\Schrodinger\dc01
Running locally: True
Input File: dc01.inp

To restart the job upon failure, run this command:
   $SCHRODINGER/vsw dc01.inp -RESTART

Setting subjob_local to: False
Setting njobs to: 1
Setting adjust to: True
Setting cleanup to: True

Starting the pipeline...

Will listen to "pipeline" messages from stages
General subjob hosts: [('localhost', 1)]
ligprep hosts: [('localhost', 1)]
glide hosts: [('localhost', 1)]
Subjob Local: False
Number of subjobs: 1
Adjust subjobs: True
No force job: Will terminate upon first docking subjob failure instead of merging output from successful Glide subjobs.
Maximum retries: 2
Cleanup: True

    Stage: dc01-LIGPREP
        RETITLE: YES
        NUM_STEREOISOMERS: 32
        MIXLIGS: YES
        USE_EPIK: YES
        STEREO_SOURCE: parities
        UNIQUEFIELD: NONE
        METAL_BINDING: NO
        COMBINEOUTS: NO
        REGULARIZE: NO
        NRINGCONFS: 1
        SKIP_BAD_LIGANDS: YES
        OUTCOMPOUNDFIELD: s_vsw_compound_code
        PH: 7.0
        RECOMBINE: YES
        PHT: 2.0

    Stage: dc01-POSTLIGPREP
        MAXSTEREO: 4
        UNIQUEFIELD: s_vsw_compound_code
        OUTVARIANTFIELD: s_vsw_variant
        PRESERVE_NJOBS: YES
        REMOVE_PENALIZED_STATES: YES
        LIMIT_STEREOISOMERS: YES

    Stage: dc01-PRE_DOCK_HTVS_1
        MAX_SUBJOB_STS: 40000
        OUTFORMAT: maegz
        UNIQUEFIELD: s_vsw_compound_code
        NUMOUT: njobs
        GENCODES: NO
        MIN_SUBJOB_STS: 4000

    Stage: dc01-DOCK_HTVS_1
        AMIDE_MODE: penal
        POSE_OUTTYPE: LIB
        PRECISION: HTVS
        POSTDOCKSTRAIN: NO
        LIG_CCUT: 0.15
        UNIQUEFIELD: s_vsw_compound_code
        DOCKING_METHOD: confgen
        LIG_VSCALE: 0.8
        FORCEPLANAR: NO
        EPIK_PENALTIES: YES
        MAXATOMS: 300
        PERCENT_TO_KEEP: 50.0
        POSES_PER_LIG: 1
        POSTDOCK: YES
        MAXROTBONDS: 50
        RECOMBINE: NO
        BEST_BY_TITLE: YES
        COMPRESS_POSES: YES

    Stage: dc01-PULL_HTVS_1
        UNIQUEFIELD: s_vsw_variant

    Stage: dc01-PRE_DOCK_SP_1
        MAX_SUBJOB_STS: 3000
        OUTFORMAT: maegz
        UNIQUEFIELD: s_vsw_compound_code
        NUMOUT: njobs
        GENCODES: NO
        MIN_SUBJOB_STS: 300

    Stage: dc01-DOCK_SP_1
        LIG_VSCALE: 0.8
        POSE_OUTTYPE: LIB
        COMPRESS_POSES: YES
        POSTDOCKSTRAIN: NO
        UNIQUEFIELD: s_vsw_compound_code
        DOCKING_METHOD: confgen
        PRECISION: SP
        FORCEPLANAR: NO
        EPIK_PENALTIES: YES
        MAXATOMS: 300
        NENHANCED_SAMPLING: 1
        LIG_CCUT: 0.15
        PERCENT_TO_KEEP: 30.0
        AMIDE_MODE: penal
        POSTDOCK: YES
        MAXROTBONDS: 50
        RECOMBINE: NO
        BEST_BY_TITLE: YES
        POSES_PER_LIG: 1
        WRITE_XP_DESC: NO

    Stage: dc01-PULL_SP_1
        UNIQUEFIELD: s_vsw_variant

    Stage: dc01-PRE_DOCK_XP_1
        MAX_SUBJOB_STS: 200
        OUTFORMAT: maegz
        UNIQUEFIELD: s_vsw_compound_code
        NUMOUT: njobs
        GENCODES: NO
        MIN_SUBJOB_STS: 20

    Stage: dc01-DOCK_XP_1
        LIG_VSCALE: 0.8
        POSE_OUTTYPE: PV
        COMPRESS_POSES: YES
        POSTDOCKSTRAIN: NO
        UNIQUEFIELD: s_vsw_compound_code
        DOCKING_METHOD: confgen
        PRECISION: XP
        FORCEPLANAR: NO
        EPIK_PENALTIES: YES
        MAXATOMS: 300
        LIG_CCUT: 0.15
        PERCENT_TO_KEEP: 10.0
        AMIDE_MODE: penal
        POSTDOCK: YES
        MAXROTBONDS: 50
        RECOMBINE: NO
        BEST_BY_TITLE: YES
        POSES_PER_LIG: 1
        WRITE_XP_DESC: NO

Status of stages:
  Stage Name                     Status
  ------------------------------ ---------
  dc01-LIGPREP                   WAITING
  dc01-POSTLIGPREP               WAITING
  dc01-PRE_DOCK_HTVS_1           WAITING
  dc01-DOCK_HTVS_1               WAITING
  dc01-PULL_HTVS_1               WAITING
  dc01-PRE_DOCK_SP_1             WAITING
  dc01-DOCK_SP_1                 WAITING
  dc01-PULL_SP_1                 WAITING
  dc01-PRE_DOCK_XP_1             WAITING
  dc01-DOCK_XP_1                 WAITING

Stage activity keys...
  C: Number of completed stages
  A: Number of active/running stages
  W: Number of waiting/pending stages

 C  A  W | Stage name and activity
-- -- -- | -----------------------
 0  0 10 | dc01-LIGPREP (USER-96L5A2TLTM-0-62a49cb8) launched.
 1  0  9 | dc01-LIGPREP (USER-96L5A2TLTM-0-62a49cb8) completed.
            Output: dc01-LIGPREP_OUT
 1  0  9 | dc01-POSTLIGPREP (USER-96L5A2TLTM-0-62a49fbc) launched.
 2  0  8 | dc01-POSTLIGPREP (USER-96L5A2TLTM-0-62a49fbc) completed.
            Output: dc01-POSTLIGPREP_OUT (3783)
Cleaning up intermediate files: dc01-LIGPREP_OUT
 2  0  8 | dc01-PRE_DOCK_HTVS_1 (USER-96L5A2TLTM-0-62a49fc8) launched.
 3  0  7 | dc01-PRE_DOCK_HTVS_1 (USER-96L5A2TLTM-0-62a49fc8) completed.
            Output: dc01-DOCK_HTVS_1_INPUT (3783)
 3  0  7 | dc01-DOCK_HTVS_1 (USER-96L5A2TLTM-0-62a49fd5) launched.
 4  0  6 | dc01-DOCK_HTVS_1 (USER-96L5A2TLTM-0-62a49fd5) completed.
            Output: dc01-HTVS_OUT_1 (1013)
Cleaning up intermediate files: dc01-DOCK_HTVS_1_INPUT
 4  0  6 | dc01-PULL_HTVS_1 (USER-96L5A2TLTM-0-62a55928) launched.
 5  0  5 | dc01-PULL_HTVS_1 (USER-96L5A2TLTM-0-62a55928) completed.
            Output: dc01-HTVS_OUT_ORIG_1 (1013)
Cleaning up intermediate files: dc01-HTVS_OUT_1
 5  0  5 | dc01-PRE_DOCK_SP_1 (USER-96L5A2TLTM-0-62a55931) launched.
 6  0  4 | dc01-PRE_DOCK_SP_1 (USER-96L5A2TLTM-0-62a55931) completed.
            Output: dc01-DOCK_SP_1_INPUT (1013)
 6  0  4 | dc01-DOCK_SP_1 (USER-96L5A2TLTM-0-62a5593b) launched.
 7  0  3 | dc01-DOCK_SP_1 (USER-96L5A2TLTM-0-62a5593b) completed.
            Output: dc01-SP_OUT_1 (303)
Cleaning up intermediate files: dc01-DOCK_SP_1_INPUT
 7  0  3 | dc01-PULL_SP_1 (USER-96L5A2TLTM-0-62a586ee) launched.
 8  0  2 | dc01-PULL_SP_1 (USER-96L5A2TLTM-0-62a586ee) completed.
            Output: dc01-SP_OUT_ORIG_1 (303)
Cleaning up intermediate files: dc01-HTVS_OUT_ORIG_1
Cleaning up intermediate files: dc01-SP_OUT_1
 8  0  2 | dc01-PRE_DOCK_XP_1 (USER-96L5A2TLTM-0-62a586f5) launched.
 9  0  1 | dc01-PRE_DOCK_XP_1 (USER-96L5A2TLTM-0-62a586f5) completed.
            Output: dc01-DOCK_XP_1_INPUT (303)
Cleaning up intermediate files: dc01-SP_OUT_ORIG_1
 9  0  1 | dc01-DOCK_XP_1 (USER-96L5A2TLTM-0-62a586fb) launched.
10  0  0 | dc01-DOCK_XP_1 (USER-96L5A2TLTM-0-62a586fb) completed.
            Output: dc01-XP_OUT_1 (31)
Cleaning up intermediate files: dc01-DOCK_XP_1_INPUT
All stages have completed sucessfully.
User outputs:
  XP_OUT_1 (incorporatable) [structures(31)]:
      C:\Users\Administrator\Documents\Schrodinger\dc01\dc01-DOCK_XP_1\dc01-XP_OUT_1_pv.maegz
  POSTLIGPREP_OUT [structures(3783)]:
      C:\Users\Administrator\Documents\Schrodinger\dc01\dc01-POSTLIGPREP\dc01-POSTLIGPREP_OUT-001.maegz
